21:52:28: Creating resource group General
21:52:28: Creating resource group Internal
21:52:28: Creating resource group Autodetect
21:52:28: SceneManagerFactory for type 'DefaultSceneManager' registered.
21:52:28: Registering ResourceManager for type Material
21:52:28: Registering ResourceManager for type Mesh
21:52:28: Registering ResourceManager for type Skeleton
21:52:28: MovableObjectFactory for type 'ParticleSystem' registered.
21:52:28: ArchiveFactory for archive type FileSystem registered.
21:52:28: ArchiveFactory for archive type Zip registered.
21:52:28: ArchiveFactory for archive type EmbeddedZip registered.
21:52:28: DDS codec registering
21:52:28: FreeImage version: 3.15.3
21:52:28: This program uses FreeImage, a free, open source image library supporting all common bitmap formats. See http://freeimage.sourceforge.net for details
21:52:28: Supported formats: bmp,ico,jpg,jif,jpeg,jpe,jng,koa,iff,lbm,mng,pbm,pbm,pcd,pcx,pgm,pgm,png,ppm,ppm,ras,tga,targa,tif,tiff,wap,wbmp,wbm,psd,cut,xbm,xpm,gif,hdr,g3,sgi,exr,j2k,j2c,jp2,pfm,pct,pict,pic,3fr,arw,bay,bmq,cap,cine,cr2,crw,cs1,dc2,dcr,drf,dsc,dng,erf,fff,ia,iiq,k25,kc2,kdc,mdc,mef,mos,mrw,nef,nrw,orf,pef,ptx,pxn,qtk,raf,raw,rdc,rw2,rwl,rwz,sr2,srf,srw,sti
21:52:28: Registering ResourceManager for type HighLevelGpuProgram
21:52:28: Registering ResourceManager for type Compositor
21:52:28: MovableObjectFactory for type 'Entity' registered.
21:52:28: MovableObjectFactory for type 'Light' registered.
21:52:28: MovableObjectFactory for type 'BillboardSet' registered.
21:52:28: MovableObjectFactory for type 'ManualObject' registered.
21:52:28: MovableObjectFactory for type 'BillboardChain' registered.
21:52:28: MovableObjectFactory for type 'RibbonTrail' registered.
21:52:28: Loading library .\RenderSystem_Direct3D9_d
21:52:28: Installing plugin: D3D9 RenderSystem
21:52:28: D3D9 : Direct3D9 Rendering Subsystem created.
21:52:28: D3D9: Driver Detection Starts
21:52:28: D3D9: Driver Detection Ends
21:52:28: Plugin successfully installed
21:52:28: *-*-* OGRE Initialising
21:52:28: *-*-* Version 1.9.0 (Ghadamon)
21:52:28: Creating resource group Essential
21:52:28: Added resource location '../bin/Media/thumbnails' of type 'FileSystem' to resource group 'Essential'
21:52:28: Added resource location '../bin/Media/packs/SdkTrays.zip' of type 'Zip' to resource group 'Essential'
21:52:28: Added resource location '../bin/Media/packs/profiler.zip' of type 'Zip' to resource group 'Essential'
21:52:28: Added resource location '../bin/Media' of type 'FileSystem' to resource group 'General'
21:52:28: Creating resource group Popular
21:52:28: Added resource location '../bin/Media/models' of type 'FileSystem' to resource group 'Popular'
21:52:28: Added resource location '../bin/Media/materials/programs' of type 'FileSystem' to resource group 'Popular'
21:52:28: Added resource location '../bin/Media/materials/scripts' of type 'FileSystem' to resource group 'Popular'
21:52:28: Added resource location '../bin/Media/materials/textures' of type 'FileSystem' to resource group 'Popular'
21:52:28: Added resource location '../bin/Media/materials/textures/nvidia' of type 'FileSystem' to resource group 'Popular'
21:52:28: Creating resource group Tests
21:52:28: Added resource location '../bin/Tests/Media' of type 'FileSystem' to resource group 'Tests'
21:52:28: D3D9 : RenderSystem Option: Allow DirectX9Ex = Yes
21:52:28: D3D9 : RenderSystem Option: Allow NVPerfHUD = No
21:52:28: D3D9 : RenderSystem Option: FSAA = 0
21:52:28: D3D9 : RenderSystem Option: Fixed Pipeline Enabled = Yes
21:52:28: D3D9 : RenderSystem Option: Floating-point mode = Fastest
21:52:28: D3D9 : RenderSystem Option: Full Screen = No
21:52:28: D3D9 : RenderSystem Option: Multi device memory hint = Use minimum system memory
21:52:28: D3D9 : RenderSystem Option: Rendering Device = Monitor-1-Intel(R) HD Graphics 3000
21:52:28: D3D9 : RenderSystem Option: Resource Creation Policy = Create on all devices
21:52:28: D3D9 : RenderSystem Option: Use Multihead = Auto
21:52:28: D3D9 : RenderSystem Option: VSync = No
21:52:28: D3D9 : RenderSystem Option: VSync Interval = 1
21:52:28: D3D9 : RenderSystem Option: Video Mode = 800 x 600 @ 32-bit colour
21:52:28: D3D9 : RenderSystem Option: sRGB Gamma Conversion = No
21:52:29: CPU Identifier & Features
21:52:29: -------------------------
21:52:29:  *   CPU ID: GenuineIntel: Intel(R) Core(TM) i7-2670QM CPU @ 2.20GHz
21:52:29:  *      SSE: yes
21:52:29:  *     SSE2: yes
21:52:29:  *     SSE3: yes
21:52:29:  *      MMX: yes
21:52:29:  *   MMXEXT: yes
21:52:29:  *    3DNOW: no
21:52:29:  * 3DNOWEXT: no
21:52:29:  *     CMOV: yes
21:52:29:  *      TSC: yes
21:52:29:  *      FPU: yes
21:52:29:  *      PRO: yes
21:52:29:  *       HT: no
21:52:29: -------------------------
21:52:29: D3D9 : Subsystem Initialising
21:52:29: Registering ResourceManager for type Texture
21:52:29: Registering ResourceManager for type GpuProgram
21:52:29: D3D9RenderSystem::_createRenderWindow "TutorialApplication Render Window", 800x600 windowed  miscParams: FSAA=0 FSAAHint= colourDepth=32 gamma=false monitorIndex=0 useNVPerfHUD=false vsync=false vsyncInterval=1 
21:52:29: D3D9 : Created D3D9 Rendering Window 'TutorialApplication Render Window' : 800x600, 32bpp
21:52:29: D3D9 : WARNING - disabling VSync in windowed mode can cause timing issues at lower frame rates, turn VSync on if you observe this problem.
21:52:29: D3D9: Vertex texture format supported - PF_L8
21:52:29: D3D9: Vertex texture format supported - PF_L16
21:52:29: D3D9: Vertex texture format supported - PF_A8
21:52:29: D3D9: Vertex texture format supported - PF_A4L4
21:52:29: D3D9: Vertex texture format supported - PF_BYTE_LA
21:52:29: D3D9: Vertex texture format supported - PF_R5G6B5
21:52:29: D3D9: Vertex texture format supported - PF_B5G6R5
21:52:29: D3D9: Vertex texture format supported - PF_A4R4G4B4
21:52:29: D3D9: Vertex texture format supported - PF_A1R5G5B5
21:52:29: D3D9: Vertex texture format supported - PF_A8R8G8B8
21:52:29: D3D9: Vertex texture format supported - PF_B8G8R8A8
21:52:29: D3D9: Vertex texture format supported - PF_A2R10G10B10
21:52:29: D3D9: Vertex texture format supported - PF_A2B10G10R10
21:52:29: D3D9: Vertex texture format supported - PF_DXT1
21:52:29: D3D9: Vertex texture format supported - PF_DXT2
21:52:29: D3D9: Vertex texture format supported - PF_DXT3
21:52:29: D3D9: Vertex texture format supported - PF_DXT4
21:52:29: D3D9: Vertex texture format supported - PF_DXT5
21:52:29: D3D9: Vertex texture format supported - PF_FLOAT16_RGB
21:52:29: D3D9: Vertex texture format supported - PF_FLOAT16_RGBA
21:52:29: D3D9: Vertex texture format supported - PF_FLOAT32_RGB
21:52:29: D3D9: Vertex texture format supported - PF_FLOAT32_RGBA
21:52:29: D3D9: Vertex texture format supported - PF_X8R8G8B8
21:52:29: D3D9: Vertex texture format supported - PF_R8G8B8A8
21:52:29: D3D9: Vertex texture format supported - PF_DEPTH
21:52:29: D3D9: Vertex texture format supported - PF_SHORT_RGBA
21:52:29: D3D9: Vertex texture format supported - PF_FLOAT16_R
21:52:29: D3D9: Vertex texture format supported - PF_FLOAT32_R
21:52:29: D3D9: Vertex texture format supported - PF_SHORT_GR
21:52:29: D3D9: Vertex texture format supported - PF_FLOAT16_GR
21:52:29: D3D9: Vertex texture format supported - PF_FLOAT32_GR
21:52:29: D3D9: Vertex texture format supported - PF_SHORT_RGB
21:52:29: D3D9: Vertex texture format supported - PF_PVRTC_RGB2
21:52:29: D3D9: Vertex texture format supported - PF_PVRTC_RGBA2
21:52:29: D3D9: Vertex texture format supported - PF_PVRTC_RGB4
21:52:29: D3D9: Vertex texture format supported - PF_PVRTC_RGBA4
21:52:29: D3D9: Vertex texture format supported - PF_PVRTC2_2BPP
21:52:29: D3D9: Vertex texture format supported - PF_PVRTC2_4BPP
21:52:29: D3D9: Vertex texture format supported - PF_R11G11B10_FLOAT
21:52:29: D3D9: Vertex texture format supported - PF_R8_UINT
21:52:29: D3D9: Vertex texture format supported - PF_R8G8_UINT
21:52:29: D3D9: Vertex texture format supported - PF_R8G8B8_UINT
21:52:29: D3D9: Vertex texture format supported - PF_R8G8B8A8_UINT
21:52:29: D3D9: Vertex texture format supported - PF_R16_UINT
21:52:29: D3D9: Vertex texture format supported - PF_R16G16_UINT
21:52:29: D3D9: Vertex texture format supported - PF_R16G16B16_UINT
21:52:29: D3D9: Vertex texture format supported - PF_R16G16B16A16_UINT
21:52:29: D3D9: Vertex texture format supported - PF_R32_UINT
21:52:29: D3D9: Vertex texture format supported - PF_R32G32_UINT
21:52:29: D3D9: Vertex texture format supported - PF_R32G32B32_UINT
21:52:29: D3D9: Vertex texture format supported - PF_R32G32B32A32_UINT
21:52:29: D3D9: Vertex texture format supported - PF_R8_SINT
21:52:29: D3D9: Vertex texture format supported - PF_R8G8_SINT
21:52:29: D3D9: Vertex texture format supported - PF_R8G8B8_SINT
21:52:29: D3D9: Vertex texture format supported - PF_R8G8B8A8_SINT
21:52:29: D3D9: Vertex texture format supported - PF_R16_SINT
21:52:29: D3D9: Vertex texture format supported - PF_R16G16_SINT
21:52:29: D3D9: Vertex texture format supported - PF_R16G16B16_SINT
21:52:29: D3D9: Vertex texture format supported - PF_R16G16B16A16_SINT
21:52:29: D3D9: Vertex texture format supported - PF_R32_SINT
21:52:29: D3D9: Vertex texture format supported - PF_R32G32_SINT
21:52:29: D3D9: Vertex texture format supported - PF_R32G32B32_SINT
21:52:29: D3D9: Vertex texture format supported - PF_R32G32B32A32_SINT
21:52:29: D3D9: Vertex texture format supported - PF_R9G9B9E5_SHAREDEXP
21:52:29: D3D9: Vertex texture format supported - PF_BC4_UNORM
21:52:29: D3D9: Vertex texture format supported - PF_BC4_SNORM
21:52:29: D3D9: Vertex texture format supported - PF_BC5_UNORM
21:52:29: D3D9: Vertex texture format supported - PF_BC5_SNORM
21:52:29: D3D9: Vertex texture format supported - PF_BC6H_UF16
21:52:29: D3D9: Vertex texture format supported - PF_BC6H_SF16
21:52:29: D3D9: Vertex texture format supported - PF_BC7_UNORM
21:52:29: D3D9: Vertex texture format supported - PF_BC7_UNORM_SRGB
21:52:29: D3D9: Vertex texture format supported - PF_R8
21:52:29: D3D9: Vertex texture format supported - PF_RG8
21:52:29: D3D9: Vertex texture format supported - PF_R8_SNORM
21:52:29: D3D9: Vertex texture format supported - PF_R8G8_SNORM
21:52:29: D3D9: Vertex texture format supported - PF_R8G8B8_SNORM
21:52:29: D3D9: Vertex texture format supported - PF_R8G8B8A8_SNORM
21:52:29: D3D9: Vertex texture format supported - PF_R16_SNORM
21:52:29: D3D9: Vertex texture format supported - PF_R16G16_SNORM
21:52:29: D3D9: Vertex texture format supported - PF_R16G16B16_SNORM
21:52:29: D3D9: Vertex texture format supported - PF_R16G16B16A16_SNORM
21:52:29: D3D9: Vertex texture format supported - PF_ETC1_RGB8
21:52:29: D3D9: Vertex texture format supported - PF_ETC2_RGB8
21:52:29: D3D9: Vertex texture format supported - PF_ETC2_RGBA8
21:52:29: D3D9: Vertex texture format supported - PF_ETC2_RGB8A1
21:52:29: D3D9: Vertex texture format supported - PF_ATC_RGB
21:52:29: D3D9: Vertex texture format supported - PF_ATC_RGBA_EXPLICIT_ALPHA
21:52:29: D3D9: Vertex texture format supported - PF_ATC_RGBA_INTERPOLATED_ALPHA
21:52:29: RenderSystem capabilities
21:52:29: -------------------------
21:52:29: RenderSystem Name: Direct3D9 Rendering Subsystem
21:52:29: GPU Vendor: intel
21:52:29: Device Name: Monitor-1-Intel(R) HD Graphics 3000
21:52:29: Driver Version: 9.18.13.3165
21:52:29:  * Fixed function pipeline: yes
21:52:29:  * Hardware generation of mipmaps: yes
21:52:29:  * Texture blending: yes
21:52:29:  * Anisotropic texture filtering: yes
21:52:29:  * Dot product texture operation: yes
21:52:29:  * Cube mapping: yes
21:52:29:  * Hardware stencil buffer: yes
21:52:29:    - Stencil depth: 8
21:52:29:    - Two sided stencil support: yes
21:52:29:    - Wrap stencil values: yes
21:52:29:  * Hardware vertex / index buffers: yes
21:52:29:  * Vertex programs: yes
21:52:29:  * Number of floating-point constants for vertex programs: 256
21:52:29:  * Number of integer constants for vertex programs: 16
21:52:29:  * Number of boolean constants for vertex programs: 16
21:52:29:  * Fragment programs: yes
21:52:29:  * Number of floating-point constants for fragment programs: 224
21:52:29:  * Number of integer constants for fragment programs: 16
21:52:29:  * Number of boolean constants for fragment programs: 16
21:52:29:  * Geometry programs: no
21:52:29:  * Number of floating-point constants for geometry programs: 0
21:52:29:  * Number of integer constants for geometry programs: 0
21:52:29:  * Number of boolean constants for geometry programs: 0
21:52:29:  * Tesselation Hull programs: no
21:52:29:  * Number of floating-point constants for tesselation hull programs: 0
21:52:29:  * Number of integer constants for tesselation hull programs: 0
21:52:29:  * Number of boolean constants for tesselation hull programs: 0
21:52:29:  * Tesselation Domain programs: no
21:52:29:  * Number of floating-point constants for tesselation domain programs: 0
21:52:29:  * Number of integer constants for tesselation domain programs: 0
21:52:29:  * Number of boolean constants for tesselation domain programs: 0
21:52:29:  * Compute programs: no
21:52:29:  * Number of floating-point constants for compute programs: 0
21:52:29:  * Number of integer constants for compute programs: 0
21:52:29:  * Number of boolean constants for compute programs: 0
21:52:29:  * Supported Shader Profiles: hlsl ps_1_1 ps_1_2 ps_1_3 ps_1_4 ps_2_0 ps_2_a ps_2_b ps_2_x ps_3_0 vs_1_1 vs_2_0 vs_2_a vs_2_x vs_3_0
21:52:29:  * Texture Compression: yes
21:52:29:    - DXT: yes
21:52:29:    - VTC: no
21:52:29:    - PVRTC: no
21:52:29:    - ATC: no
21:52:29:    - ETC1: no
21:52:29:    - ETC2: no
21:52:29:    - BC4/BC5: no
21:52:29:    - BC6H/BC7: no
21:52:29:  * Scissor Rectangle: yes
21:52:29:  * Hardware Occlusion Query: yes
21:52:29:  * User clip planes: yes
21:52:29:  * VET_UBYTE4 vertex element type: yes
21:52:29:  * Infinite far plane projection: yes
21:52:29:  * Hardware render-to-texture: yes
21:52:29:  * Floating point textures: yes
21:52:29:  * Non-power-of-two textures: yes
21:52:29:  * 1d textures: yes
21:52:29:  * Volume textures: yes
21:52:29:  * Multiple Render Targets: 4
21:52:29:    - With different bit depths: yes
21:52:29:  * Point Sprites: yes
21:52:29:  * Extended point parameters: yes
21:52:29:  * Max Point Size: 256
21:52:29:  * Vertex texture fetch: yes
21:52:29:  * Number of world matrices: 0
21:52:29:  * Number of texture units: 8
21:52:29:  * Stencil buffer depth: 8
21:52:29:  * Number of vertex blend matrices: 0
21:52:29:    - Max vertex textures: 4
21:52:29:    - Vertex textures shared: no
21:52:29:  * Render to Vertex Buffer : no
21:52:29:  * Hardware Atomic Counters: no
21:52:29:  * DirectX per stage constants: yes
21:52:29: ***************************************
21:52:29: *** D3D9 : Subsystem Initialised OK ***
21:52:29: ***************************************
21:52:29: DefaultWorkQueue('Root') initialising on thread 1788.
21:52:29: DefaultWorkQueue('Root')::WorkerFunc - thread 1ea8 starting.
21:52:29: DefaultWorkQueue('Root')::WorkerFunc - thread d48 starting.
21:52:29: DefaultWorkQueue('Root')::WorkerFunc - thread 1b44 starting.
21:52:29: DefaultWorkQueue('Root')::WorkerFunc - thread 1c18 starting.
21:52:29: DefaultWorkQueue('Root')::WorkerFunc - thread 19ac starting.
21:52:29: DefaultWorkQueue('Root')::WorkerFunc - thread 1a78 starting.
21:52:29: DefaultWorkQueue('Root')::WorkerFunc - thread 9d4 starting.
21:52:29: DefaultWorkQueue('Root')::WorkerFunc - thread d50 starting.
21:52:29: Particle Renderer Type 'billboard' registered
21:52:29: OverlayElementFactory for type Panel registered.
21:52:29: OverlayElementFactory for type BorderPanel registered.
21:52:29: OverlayElementFactory for type TextArea registered.
21:52:29: Registering ResourceManager for type Font
21:52:29: Parsing scripts for resource group Autodetect
21:52:29: Finished parsing scripts for resource group Autodetect
21:52:29: Creating resources for group Autodetect
21:52:29: All done
21:52:29: Parsing scripts for resource group Essential
21:52:29: Parsing script SdkTrays.material
21:52:30: Parsing script OgreProfiler.material
21:52:30: Parsing script SdkTrays.fontdef
21:52:30: Parsing script SdkTrays.overlay
21:52:30: Texture: sdk_cursor.png: Loading 1 faces(PF_A8R8G8B8,32x32x1) Internal format is PF_A8R8G8B8,32x32x1.
21:52:30: Texture: sdk_tray.png: Loading 1 faces(PF_A8R8G8B8,64x64x1) Internal format is PF_A8R8G8B8,64x64x1.
21:52:30: Texture: sdk_button_up.png: Loading 1 faces(PF_A8R8G8B8,128x32x1) Internal format is PF_A8R8G8B8,128x32x1.
21:52:30: Texture: sdk_text_box.png: Loading 1 faces(PF_A8R8G8B8,32x32x1) Internal format is PF_A8R8G8B8,32x32x1.
21:52:30: Texture: sdk_mini_tray.png: Loading 1 faces(PF_A8R8G8B8,32x32x1) Internal format is PF_A8R8G8B8,32x32x1.
21:52:30: Texture: sdk_track.png: Loading 1 faces(PF_A8R8G8B8,16x32x1) Internal format is PF_A8R8G8B8,16x32x1.
21:52:30: Texture: sdk_handle.png: Loading 1 faces(PF_A8R8G8B8,16x16x1) Internal format is PF_A8R8G8B8,16x16x1.
21:52:30: Texture: sdk_mini_text_box.png: Loading 1 faces(PF_A8R8G8B8,32x32x1) Internal format is PF_A8R8G8B8,32x32x1.
21:52:30: Texture: sdk_label.png: Loading 1 faces(PF_A8R8G8B8,32x32x1) Internal format is PF_A8R8G8B8,32x32x1.
21:52:30: Texture: sdk_separator.png: Loading 1 faces(PF_A8R8G8B8,64x16x1) Internal format is PF_A8R8G8B8,64x16x1.
21:52:30: Texture: sdk_logo.png: Loading 1 faces(PF_A8R8G8B8,128x64x1) Internal format is PF_A8R8G8B8,128x64x1.
21:52:30: Texture: sdk_shade.png: Loading 1 faces(PF_A8R8G8B8,64x48x1) with 5 generated mipmaps from Image. Internal format is PF_A8R8G8B8,64x48x1.
21:52:30: Texture: sdk_frame.png: Loading 1 faces(PF_A8R8G8B8,32x32x1) Internal format is PF_A8R8G8B8,32x32x1.
21:52:30: Texture: sdk_mini_text_box_over.png: Loading 1 faces(PF_A8R8G8B8,32x32x1) Internal format is PF_A8R8G8B8,32x32x1.
21:52:30: Texture: sdk_pulse.png: Loading 1 faces(PF_R8G8B8,8x1x1) Internal format is PF_X8R8G8B8,8x1x1.
21:52:30: Finished parsing scripts for resource group Essential
21:52:30: Creating resources for group Essential
21:52:30: All done
21:52:30: Parsing scripts for resource group General
21:52:30: Finished parsing scripts for resource group General
21:52:30: Creating resources for group General
21:52:30: All done
21:52:30: Parsing scripts for resource group Internal
21:52:30: Finished parsing scripts for resource group Internal
21:52:30: Creating resources for group Internal
21:52:30: All done
21:52:30: Parsing scripts for resource group Popular
21:52:30: Parsing script DualQuaternion.program
21:52:30: Parsing script Examples.program
21:52:30: Parsing script Instancing.program
21:52:30: Parsing script StdQuad_vp.program
21:52:30: Parsing script AdaptivePNTrianglesTessellation.material
21:52:30: Parsing script ASCII.material
21:52:30: Parsing script ASMSwizzle.material
21:52:30: Compiler error: object unsupported by render system in ASMSwizzle.material(1): , Shader name: Ogre/GPTest/Swizzle_GP_ASM
21:52:30: Parsing script BlackAndWhite.material
21:52:30: Parsing script Bloom.material
21:52:30: OGRE EXCEPTION(6:FileNotFoundException): Cannot locate resource Blur0_ps20.hlsl in resource group Popular or any other group. in ResourceGroupManager::openResource at ..\..\..\..\OgreMain\src\OgreResourceGroupManager.cpp (line 756)
21:52:30: High-level program Blur0_ps20 encountered an error during loading and is thus not supported.
OGRE EXCEPTION(6:FileNotFoundException): Cannot locate resource Blur0_ps20.hlsl in resource group Popular or any other group. in ResourceGroupManager::openResource at ..\..\..\..\OgreMain\src\OgreResourceGroupManager.cpp (line 756)
21:52:30: OGRE EXCEPTION(6:FileNotFoundException): Cannot locate resource Blur0_vs11.hlsl in resource group Popular or any other group. in ResourceGroupManager::openResource at ..\..\..\..\OgreMain\src\OgreResourceGroupManager.cpp (line 756)
21:52:30: High-level program Blur0_vs11 encountered an error during loading and is thus not supported.
OGRE EXCEPTION(6:FileNotFoundException): Cannot locate resource Blur0_vs11.hlsl in resource group Popular or any other group. in ResourceGroupManager::openResource at ..\..\..\..\OgreMain\src\OgreResourceGroupManager.cpp (line 756)
21:52:30: OGRE EXCEPTION(6:FileNotFoundException): Cannot locate resource Blur1_ps20.hlsl in resource group Popular or any other group. in ResourceGroupManager::openResource at ..\..\..\..\OgreMain\src\OgreResourceGroupManager.cpp (line 756)
21:52:30: High-level program Blur1_ps20 encountered an error during loading and is thus not supported.
OGRE EXCEPTION(6:FileNotFoundException): Cannot locate resource Blur1_ps20.hlsl in resource group Popular or any other group. in ResourceGroupManager::openResource at ..\..\..\..\OgreMain\src\OgreResourceGroupManager.cpp (line 756)
21:52:30: OGRE EXCEPTION(6:FileNotFoundException): Cannot locate resource Blur1_vs11.hlsl in resource group Popular or any other group. in ResourceGroupManager::openResource at ..\..\..\..\OgreMain\src\OgreResourceGroupManager.cpp (line 756)
21:52:30: High-level program Blur1_vs11 encountered an error during loading and is thus not supported.
OGRE EXCEPTION(6:FileNotFoundException): Cannot locate resource Blur1_vs11.hlsl in resource group Popular or any other group. in ResourceGroupManager::openResource at ..\..\..\..\OgreMain\src\OgreResourceGroupManager.cpp (line 756)
21:52:30: Parsing script Bloom2.material
21:52:31: OGRE EXCEPTION(6:FileNotFoundException): Cannot locate resource BlurH_ps20.hlsl in resource group Popular or any other group. in ResourceGroupManager::openResource at ..\..\..\..\OgreMain\src\OgreResourceGroupManager.cpp (line 756)
21:52:31: High-level program BlurH_ps20_hlsl encountered an error during loading and is thus not supported.
OGRE EXCEPTION(6:FileNotFoundException): Cannot locate resource BlurH_ps20.hlsl in resource group Popular or any other group. in ResourceGroupManager::openResource at ..\..\..\..\OgreMain\src\OgreResourceGroupManager.cpp (line 756)
21:52:31: OGRE EXCEPTION(6:FileNotFoundException): Cannot locate resource Blur_vs11.hlsl in resource group Popular or any other group. in ResourceGroupManager::openResource at ..\..\..\..\OgreMain\src\OgreResourceGroupManager.cpp (line 756)
21:52:31: High-level program Blur_vs11_hlsl encountered an error during loading and is thus not supported.
OGRE EXCEPTION(6:FileNotFoundException): Cannot locate resource Blur_vs11.hlsl in resource group Popular or any other group. in ResourceGroupManager::openResource at ..\..\..\..\OgreMain\src\OgreResourceGroupManager.cpp (line 756)
21:52:31: OGRE EXCEPTION(6:FileNotFoundException): Cannot locate resource BlurV_ps20.hlsl in resource group Popular or any other group. in ResourceGroupManager::openResource at ..\..\..\..\OgreMain\src\OgreResourceGroupManager.cpp (line 756)
21:52:31: High-level program BlurV_ps20_hlsl encountered an error during loading and is thus not supported.
OGRE EXCEPTION(6:FileNotFoundException): Cannot locate resource BlurV_ps20.hlsl in resource group Popular or any other group. in ResourceGroupManager::openResource at ..\..\..\..\OgreMain\src\OgreResourceGroupManager.cpp (line 756)
21:52:31: OGRE EXCEPTION(6:FileNotFoundException): Cannot locate resource Bloom2_ps20.hlsl in resource group Popular or any other group. in ResourceGroupManager::openResource at ..\..\..\..\OgreMain\src\OgreResourceGroupManager.cpp (line 756)
21:52:31: High-level program Bloom2_ps20_hlsl encountered an error during loading and is thus not supported.
OGRE EXCEPTION(6:FileNotFoundException): Cannot locate resource Bloom2_ps20.hlsl in resource group Popular or any other group. in ResourceGroupManager::openResource at ..\..\..\..\OgreMain\src\OgreResourceGroupManager.cpp (line 756)
21:52:31: OGRE EXCEPTION(2:InvalidParametersException): Named constants have not been initialised, perhaps a compile error. in GpuProgramParameters::_findNamedConstantDefinition at ..\..\..\..\OgreMain\src\OgreGpuProgramParams.cpp (line 1709)
21:52:31: Compiler error: invalid parameters in Bloom2.material(323): setting of constant failed
21:52:31: OGRE EXCEPTION(2:InvalidParametersException): Named constants have not been initialised, perhaps a compile error. in GpuProgramParameters::_findNamedConstantDefinition at ..\..\..\..\OgreMain\src\OgreGpuProgramParams.cpp (line 1709)
21:52:31: Compiler error: invalid parameters in Bloom2.material(324): setting of constant failed
21:52:31: OGRE EXCEPTION(6:FileNotFoundException): Cannot locate resource BrightBloom2_ps20.hlsl in resource group Popular or any other group. in ResourceGroupManager::openResource at ..\..\..\..\OgreMain\src\OgreResourceGroupManager.cpp (line 756)
21:52:31: High-level program BrightBloom2_ps20_hlsl encountered an error during loading and is thus not supported.
OGRE EXCEPTION(6:FileNotFoundException): Cannot locate resource BrightBloom2_ps20.hlsl in resource group Popular or any other group. in ResourceGroupManager::openResource at ..\..\..\..\OgreMain\src\OgreResourceGroupManager.cpp (line 756)
21:52:31: Parsing script CGSwizzle.material
21:52:31: Parsing script CompositorDemo.material
21:52:31: Parsing script DepthShadowmap.material
21:52:31: OGRE EXCEPTION(6:FileNotFoundException): Cannot locate resource DepthShadowmap.hlsl in resource group Popular or any other group. in ResourceGroupManager::openResource at ..\..\..\..\OgreMain\src\OgreResourceGroupManager.cpp (line 756)
21:52:31: High-level program Ogre/DepthShadowmap/CasterVP_HLSL encountered an error during loading and is thus not supported.
OGRE EXCEPTION(6:FileNotFoundException): Cannot locate resource DepthShadowmap.hlsl in resource group Popular or any other group. in ResourceGroupManager::openResource at ..\..\..\..\OgreMain\src\OgreResourceGroupManager.cpp (line 756)
21:52:31: OGRE EXCEPTION(2:InvalidParametersException): Named constants have not been initialised, perhaps a compile error. in GpuProgramParameters::_findNamedConstantDefinition at ..\..\..\..\OgreMain\src\OgreGpuProgramParams.cpp (line 1709)
21:52:31: Compiler error: invalid parameters in DepthShadowmap.material(12): setting of constant failed
21:52:31: OGRE EXCEPTION(2:InvalidParametersException): Named constants have not been initialised, perhaps a compile error. in GpuProgramParameters::_findNamedConstantDefinition at ..\..\..\..\OgreMain\src\OgreGpuProgramParams.cpp (line 1709)
21:52:31: Compiler error: invalid parameters in DepthShadowmap.material(13): setting of constant failed
21:52:31: OGRE EXCEPTION(6:FileNotFoundException): Cannot locate resource DepthShadowmap.hlsl in resource group Popular or any other group. in ResourceGroupManager::openResource at ..\..\..\..\OgreMain\src\OgreResourceGroupManager.cpp (line 756)
21:52:31: High-level program Ogre/DepthShadowmap/CasterFP_HLSL encountered an error during loading and is thus not supported.
OGRE EXCEPTION(6:FileNotFoundException): Cannot locate resource DepthShadowmap.hlsl in resource group Popular or any other group. in ResourceGroupManager::openResource at ..\..\..\..\OgreMain\src\OgreResourceGroupManager.cpp (line 756)
21:52:31: OGRE EXCEPTION(6:FileNotFoundException): Cannot locate resource DepthShadowmap.hlsl in resource group Popular or any other group. in ResourceGroupManager::openResource at ..\..\..\..\OgreMain\src\OgreResourceGroupManager.cpp (line 756)
21:52:31: High-level program Ogre/DepthShadowmap/ReceiverVP_HLSL encountered an error during loading and is thus not supported.
OGRE EXCEPTION(6:FileNotFoundException): Cannot locate resource DepthShadowmap.hlsl in resource group Popular or any other group. in ResourceGroupManager::openResource at ..\..\..\..\OgreMain\src\OgreResourceGroupManager.cpp (line 756)
21:52:31: OGRE EXCEPTION(2:InvalidParametersException): Named constants have not been initialised, perhaps a compile error. in GpuProgramParameters::_findNamedConstantDefinition at ..\..\..\..\OgreMain\src\OgreGpuProgramParams.cpp (line 1709)
21:52:31: Compiler error: invalid parameters in DepthShadowmap.material(38): setting of constant failed
21:52:31: OGRE EXCEPTION(2:InvalidParametersException): Named constants have not been initialised, perhaps a compile error. in GpuProgramParameters::_findNamedConstantDefinition at ..\..\..\..\OgreMain\src\OgreGpuProgramParams.cpp (line 1709)
21:52:31: Compiler error: invalid parameters in DepthShadowmap.material(39): setting of constant failed
21:52:31: OGRE EXCEPTION(2:InvalidParametersException): Named constants have not been initialised, perhaps a compile error. in GpuProgramParameters::_findNamedConstantDefinition at ..\..\..\..\OgreMain\src\OgreGpuProgramParams.cpp (line 1709)
21:52:31: Compiler error: invalid parameters in DepthShadowmap.material(40): setting of constant failed
21:52:31: OGRE EXCEPTION(2:InvalidParametersException): Named constants have not been initialised, perhaps a compile error. in GpuProgramParameters::_findNamedConstantDefinition at ..\..\..\..\OgreMain\src\OgreGpuProgramParams.cpp (line 1709)
21:52:31: Compiler error: invalid parameters in DepthShadowmap.material(41): setting of constant failed
21:52:31: OGRE EXCEPTION(2:InvalidParametersException): Named constants have not been initialised, perhaps a compile error. in GpuProgramParameters::_findNamedConstantDefinition at ..\..\..\..\OgreMain\src\OgreGpuProgramParams.cpp (line 1709)
21:52:31: Compiler error: invalid parameters in DepthShadowmap.material(42): setting of constant failed
21:52:31: OGRE EXCEPTION(2:InvalidParametersException): Named constants have not been initialised, perhaps a compile error. in GpuProgramParameters::_findNamedConstantDefinition at ..\..\..\..\OgreMain\src\OgreGpuProgramParams.cpp (line 1709)
21:52:31: Compiler error: invalid parameters in DepthShadowmap.material(43): setting of constant failed
21:52:31: OGRE EXCEPTION(6:FileNotFoundException): Cannot locate resource DepthShadowmap.hlsl in resource group Popular or any other group. in ResourceGroupManager::openResource at ..\..\..\..\OgreMain\src\OgreResourceGroupManager.cpp (line 756)
21:52:31: High-level program Ogre/DepthShadowmap/ReceiverFP_HLSL encountered an error during loading and is thus not supported.
OGRE EXCEPTION(6:FileNotFoundException): Cannot locate resource DepthShadowmap.hlsl in resource group Popular or any other group. in ResourceGroupManager::openResource at ..\..\..\..\OgreMain\src\OgreResourceGroupManager.cpp (line 756)
21:52:31: OGRE EXCEPTION(2:InvalidParametersException): Named constants have not been initialised, perhaps a compile error. in GpuProgramParameters::_findNamedConstantDefinition at ..\..\..\..\OgreMain\src\OgreGpuProgramParams.cpp (line 1709)
21:52:31: Compiler error: invalid parameters in DepthShadowmap.material(58): setting of constant failed
21:52:31: OGRE EXCEPTION(2:InvalidParametersException): Named constants have not been initialised, perhaps a compile error. in GpuProgramParameters::_findNamedConstantDefinition at ..\..\..\..\OgreMain\src\OgreGpuProgramParams.cpp (line 1709)
21:52:31: Compiler error: invalid parameters in DepthShadowmap.material(59): setting of constant failed
21:52:31: OGRE EXCEPTION(2:InvalidParametersException): Named constants have not been initialised, perhaps a compile error. in GpuProgramParameters::_findNamedConstantDefinition at ..\..\..\..\OgreMain\src\OgreGpuProgramParams.cpp (line 1709)
21:52:31: Compiler error: invalid parameters in DepthShadowmap.material(60): setting of constant failed
21:52:31: OGRE EXCEPTION(2:InvalidParametersException): Named constants have not been initialised, perhaps a compile error. in GpuProgramParameters::_findNamedConstantDefinition at ..\..\..\..\OgreMain\src\OgreGpuProgramParams.cpp (line 1709)
21:52:31: Compiler error: invalid parameters in DepthShadowmap.material(61): setting of constant failed
21:52:31: OGRE EXCEPTION(6:FileNotFoundException): Cannot locate resource DepthShadowmap.hlsl in resource group Popular or any other group. in ResourceGroupManager::openResource at ..\..\..\..\OgreMain\src\OgreResourceGroupManager.cpp (line 756)
21:52:31: High-level program Ogre/DepthShadowmap/ReceiverFPPCF_HLSL encountered an error during loading and is thus not supported.
OGRE EXCEPTION(6:FileNotFoundException): Cannot locate resource DepthShadowmap.hlsl in resource group Popular or any other group. in ResourceGroupManager::openResource at ..\..\..\..\OgreMain\src\OgreResourceGroupManager.cpp (line 756)
21:52:31: OGRE EXCEPTION(2:InvalidParametersException): Named constants have not been initialised, perhaps a compile error. in GpuProgramParameters::_findNamedConstantDefinition at ..\..\..\..\OgreMain\src\OgreGpuProgramParams.cpp (line 1709)
21:52:31: Compiler error: invalid parameters in DepthShadowmap.material(75): setting of constant failed
21:52:31: OGRE EXCEPTION(2:InvalidParametersException): Named constants have not been initialised, perhaps a compile error. in GpuProgramParameters::_findNamedConstantDefinition at ..\..\..\..\OgreMain\src\OgreGpuProgramParams.cpp (line 1709)
21:52:31: Compiler error: invalid parameters in DepthShadowmap.material(76): setting of constant failed
21:52:31: OGRE EXCEPTION(2:InvalidParametersException): Named constants have not been initialised, perhaps a compile error. in GpuProgramParameters::_findNamedConstantDefinition at ..\..\..\..\OgreMain\src\OgreGpuProgramParams.cpp (line 1709)
21:52:31: Compiler error: invalid parameters in DepthShadowmap.material(77): setting of constant failed
21:52:31: OGRE EXCEPTION(6:FileNotFoundException): Cannot locate resource DepthShadowmap.hlsl in resource group Popular or any other group. in ResourceGroupManager::openResource at ..\..\..\..\OgreMain\src\OgreResourceGroupManager.cpp (line 756)
21:52:31: High-level program Ogre/DepthShadowmap/NormalMapReceiverVP_HLSL encountered an error during loading and is thus not supported.
OGRE EXCEPTION(6:FileNotFoundException): Cannot locate resource DepthShadowmap.hlsl in resource group Popular or any other group. in ResourceGroupManager::openResource at ..\..\..\..\OgreMain\src\OgreResourceGroupManager.cpp (line 756)
21:52:31: OGRE EXCEPTION(2:InvalidParametersException): Named constants have not been initialised, perhaps a compile error. in GpuProgramParameters::_findNamedConstantDefinition at ..\..\..\..\OgreMain\src\OgreGpuProgramParams.cpp (line 1709)
21:52:31: Compiler error: invalid parameters in DepthShadowmap.material(88): setting of constant failed
21:52:31: OGRE EXCEPTION(2:InvalidParametersException): Named constants have not been initialised, perhaps a compile error. in GpuProgramParameters::_findNamedConstantDefinition at ..\..\..\..\OgreMain\src\OgreGpuProgramParams.cpp (line 1709)
21:52:31: Compiler error: invalid parameters in DepthShadowmap.material(89): setting of constant failed
21:52:31: OGRE EXCEPTION(2:InvalidParametersException): Named constants have not been initialised, perhaps a compile error. in GpuProgramParameters::_findNamedConstantDefinition at ..\..\..\..\OgreMain\src\OgreGpuProgramParams.cpp (line 1709)
21:52:31: Compiler error: invalid parameters in DepthShadowmap.material(90): setting of constant failed
21:52:31: OGRE EXCEPTION(2:InvalidParametersException): Named constants have not been initialised, perhaps a compile error. in GpuProgramParameters::_findNamedConstantDefinition at ..\..\..\..\OgreMain\src\OgreGpuProgramParams.cpp (line 1709)
21:52:31: Compiler error: invalid parameters in DepthShadowmap.material(91): setting of constant failed
21:52:31: OGRE EXCEPTION(6:FileNotFoundException): Cannot locate resource DepthShadowmap.hlsl in resource group Popular or any other group. in ResourceGroupManager::openResource at ..\..\..\..\OgreMain\src\OgreResourceGroupManager.cpp (line 756)
21:52:31: High-level program Ogre/DepthShadowmap/NormalMapReceiverFP_HLSL encountered an error during loading and is thus not supported.
OGRE EXCEPTION(6:FileNotFoundException): Cannot locate resource DepthShadowmap.hlsl in resource group Popular or any other group. in ResourceGroupManager::openResource at ..\..\..\..\OgreMain\src\OgreResourceGroupManager.cpp (line 756)
21:52:31: OGRE EXCEPTION(2:InvalidParametersException): Named constants have not been initialised, perhaps a compile error. in GpuProgramParameters::_findNamedConstantDefinition at ..\..\..\..\OgreMain\src\OgreGpuProgramParams.cpp (line 1709)
21:52:31: Compiler error: invalid parameters in DepthShadowmap.material(105): setting of constant failed
21:52:31: OGRE EXCEPTION(2:InvalidParametersException): Named constants have not been initialised, perhaps a compile error. in GpuProgramParameters::_findNamedConstantDefinition at ..\..\..\..\OgreMain\src\OgreGpuProgramParams.cpp (line 1709)
21:52:31: Compiler error: invalid parameters in DepthShadowmap.material(106): setting of constant failed
21:52:31: OGRE EXCEPTION(2:InvalidParametersException): Named constants have not been initialised, perhaps a compile error. in GpuProgramParameters::_findNamedConstantDefinition at ..\..\..\..\OgreMain\src\OgreGpuProgramParams.cpp (line 1709)
21:52:31: Compiler error: invalid parameters in DepthShadowmap.material(107): setting of constant failed
21:52:31: OGRE EXCEPTION(2:InvalidParametersException): Named constants have not been initialised, perhaps a compile error. in GpuProgramParameters::_findNamedConstantDefinition at ..\..\..\..\OgreMain\src\OgreGpuProgramParams.cpp (line 1709)
21:52:31: Compiler error: invalid parameters in DepthShadowmap.material(108): setting of constant failed
21:52:31: OGRE EXCEPTION(2:InvalidParametersException): Named constants have not been initialised, perhaps a compile error. in GpuProgramParameters::_findNamedConstantDefinition at ..\..\..\..\OgreMain\src\OgreGpuProgramParams.cpp (line 1709)
21:52:31: Compiler error: invalid parameters in DepthShadowmap.material(109): setting of constant failed
21:52:31: OGRE EXCEPTION(6:FileNotFoundException): Cannot locate resource DepthShadowmap.hlsl in resource group Popular or any other group. in ResourceGroupManager::openResource at ..\..\..\..\OgreMain\src\OgreResourceGroupManager.cpp (line 756)
21:52:31: High-level program Ogre/DepthShadowmap/NormalMapReceiverFPPCF_HLSL encountered an error during loading and is thus not supported.
OGRE EXCEPTION(6:FileNotFoundException): Cannot locate resource DepthShadowmap.hlsl in resource group Popular or any other group. in ResourceGroupManager::openResource at ..\..\..\..\OgreMain\src\OgreResourceGroupManager.cpp (line 756)
21:52:31: OGRE EXCEPTION(2:InvalidParametersException): Named constants have not been initialised, perhaps a compile error. in GpuProgramParameters::_findNamedConstantDefinition at ..\..\..\..\OgreMain\src\OgreGpuProgramParams.cpp (line 1709)
21:52:31: Compiler error: invalid parameters in DepthShadowmap.material(122): setting of constant failed
21:52:31: OGRE EXCEPTION(2:InvalidParametersException): Named constants have not been initialised, perhaps a compile error. in GpuProgramParameters::_findNamedConstantDefinition at ..\..\..\..\OgreMain\src\OgreGpuProgramParams.cpp (line 1709)
21:52:31: Compiler error: invalid parameters in DepthShadowmap.material(123): setting of constant failed
21:52:31: OGRE EXCEPTION(2:InvalidParametersException): Named constants have not been initialised, perhaps a compile error. in GpuProgramParameters::_findNamedConstantDefinition at ..\..\..\..\OgreMain\src\OgreGpuProgramParams.cpp (line 1709)
21:52:31: Compiler error: invalid parameters in DepthShadowmap.material(124): setting of constant failed
21:52:31: OGRE EXCEPTION(2:InvalidParametersException): Named constants have not been initialised, perhaps a compile error. in GpuProgramParameters::_findNamedConstantDefinition at ..\..\..\..\OgreMain\src\OgreGpuProgramParams.cpp (line 1709)
21:52:31: Compiler error: invalid parameters in DepthShadowmap.material(125): setting of constant failed
21:52:31: OGRE EXCEPTION(2:InvalidParametersException): Named constants have not been initialised, perhaps a compile error. in GpuProgramParameters::_findNamedConstantDefinition at ..\..\..\..\OgreMain\src\OgreGpuProgramParams.cpp (line 1709)
21:52:31: Compiler error: invalid parameters in DepthShadowmap.material(126): setting of constant failed
21:52:31: Parsing script Dither.material
21:52:31: Parsing script DOF.material
21:52:31: Parsing script DualQuaternion.material
21:52:31: Parsing script Embossed.material
21:52:31: Parsing script Example-Water.material
21:52:32: Parsing script Examples-Advanced.material
21:52:33: Compiler error: object unsupported by render system in Examples-Advanced.material(938): , Shader name: Examples/TextureArrayPSasm
21:52:33: Parsing script Examples-DynTex.material
21:52:33: Parsing script Examples-Water.material
21:52:33: Parsing script Examples.material
21:52:34: Parsing script facial.material
21:52:34: Parsing script Glass.material
21:52:34: Parsing script GLSLSwizzle.material
21:52:34: Parsing script Halftone.material
21:52:34: Parsing script hdr.material
21:52:34: OGRE EXCEPTION(6:FileNotFoundException): Cannot locate resource hdr.hlsl in resource group Popular or any other group. in ResourceGroupManager::openResource at ..\..\..\..\OgreMain\src\OgreResourceGroupManager.cpp (line 756)
21:52:34: High-level program Ogre/Compositor/HDR/downscale2x2LuminenceHLSL_fp encountered an error during loading and is thus not supported.
OGRE EXCEPTION(6:FileNotFoundException): Cannot locate resource hdr.hlsl in resource group Popular or any other group. in ResourceGroupManager::openResource at ..\..\..\..\OgreMain\src\OgreResourceGroupManager.cpp (line 756)
21:52:34: OGRE EXCEPTION(2:InvalidParametersException): Named constants have not been initialised, perhaps a compile error. in GpuProgramParameters::_findNamedConstantDefinition at ..\..\..\..\OgreMain\src\OgreGpuProgramParams.cpp (line 1709)
21:52:34: Compiler error: invalid parameters in hdr.material(40): setting of constant failed
21:52:34: OGRE EXCEPTION(6:FileNotFoundException): Cannot locate resource hdr.hlsl in resource group Popular or any other group. in ResourceGroupManager::openResource at ..\..\..\..\OgreMain\src\OgreResourceGroupManager.cpp (line 756)
21:52:34: High-level program Ogre/Compositor/HDR/downscale3x3HLSL_fp encountered an error during loading and is thus not supported.
OGRE EXCEPTION(6:FileNotFoundException): Cannot locate resource hdr.hlsl in resource group Popular or any other group. in ResourceGroupManager::openResource at ..\..\..\..\OgreMain\src\OgreResourceGroupManager.cpp (line 756)
21:52:34: OGRE EXCEPTION(2:InvalidParametersException): Named constants have not been initialised, perhaps a compile error. in GpuProgramParameters::_findNamedConstantDefinition at ..\..\..\..\OgreMain\src\OgreGpuProgramParams.cpp (line 1709)
21:52:34: Compiler error: invalid parameters in hdr.material(109): setting of constant failed
21:52:34: OGRE EXCEPTION(6:FileNotFoundException): Cannot locate resource hdr.hlsl in resource group Popular or any other group. in ResourceGroupManager::openResource at ..\..\..\..\OgreMain\src\OgreResourceGroupManager.cpp (line 756)
21:52:34: High-level program Ogre/Compositor/HDR/downscale3x3brightpassHLSL_fp encountered an error during loading and is thus not supported.
OGRE EXCEPTION(6:FileNotFoundException): Cannot locate resource hdr.hlsl in resource group Popular or any other group. in ResourceGroupManager::openResource at ..\..\..\..\OgreMain\src\OgreResourceGroupManager.cpp (line 756)
21:52:34: OGRE EXCEPTION(2:InvalidParametersException): Named constants have not been initialised, perhaps a compile error. in GpuProgramParameters::_findNamedConstantDefinition at ..\..\..\..\OgreMain\src\OgreGpuProgramParams.cpp (line 1709)
21:52:34: Compiler error: invalid parameters in hdr.material(188): setting of constant failed
21:52:34: OGRE EXCEPTION(6:FileNotFoundException): Cannot locate resource hdr.hlsl in resource group Popular or any other group. in ResourceGroupManager::openResource at ..\..\..\..\OgreMain\src\OgreResourceGroupManager.cpp (line 756)
21:52:34: High-level program Ogre/Compositor/HDR/bloomHLSL_fp encountered an error during loading and is thus not supported.
OGRE EXCEPTION(6:FileNotFoundException): Cannot locate resource hdr.hlsl in resource group Popular or any other group. in ResourceGroupManager::openResource at ..\..\..\..\OgreMain\src\OgreResourceGroupManager.cpp (line 756)
21:52:34: OGRE EXCEPTION(6:FileNotFoundException): Cannot locate resource hdr.hlsl in resource group Popular or any other group. in ResourceGroupManager::openResource at ..\..\..\..\OgreMain\src\OgreResourceGroupManager.cpp (line 756)
21:52:34: High-level program Ogre/Compositor/HDR/finaltonemappingHLSL_fp encountered an error during loading and is thus not supported.
OGRE EXCEPTION(6:FileNotFoundException): Cannot locate resource hdr.hlsl in resource group Popular or any other group. in ResourceGroupManager::openResource at ..\..\..\..\OgreMain\src\OgreResourceGroupManager.cpp (line 756)
21:52:34: Parsing script HeatVision.material
21:52:34: Parsing script Hurt.material
21:52:34: Parsing script HWInstancing.material
21:52:35: Parsing script HW_VTFInstancing.material
21:52:35: Parsing script HW_VTF_LUTInstancing.material
21:52:35: Parsing script instancing.material
21:52:36: Parsing script InstancingMisc.material
21:52:36: Parsing script Invert.material
21:52:36: Parsing script IsoSurf.material
21:52:36: Parsing script Laplace.material
21:52:36: Parsing script MotionBlur.material
21:52:36: Parsing script MRTtest.material
21:52:36: OGRE EXCEPTION(6:FileNotFoundException): Cannot locate resource mrttestfp.hlsl in resource group Popular or any other group. in ResourceGroupManager::openResource at ..\..\..\..\OgreMain\src\OgreResourceGroupManager.cpp (line 756)
21:52:36: High-level program Ogre/MRTtest/scenefp/HLSL encountered an error during loading and is thus not supported.
OGRE EXCEPTION(6:FileNotFoundException): Cannot locate resource mrttestfp.hlsl in resource group Popular or any other group. in ResourceGroupManager::openResource at ..\..\..\..\OgreMain\src\OgreResourceGroupManager.cpp (line 756)
21:52:36: OGRE EXCEPTION(6:FileNotFoundException): Cannot locate resource mrttestfp.hlsl in resource group Popular or any other group. in ResourceGroupManager::openResource at ..\..\..\..\OgreMain\src\OgreResourceGroupManager.cpp (line 756)
21:52:36: High-level program Ogre/MRTtest/quadfp/HLSL encountered an error during loading and is thus not supported.
OGRE EXCEPTION(6:FileNotFoundException): Cannot locate resource mrttestfp.hlsl in resource group Popular or any other group. in ResourceGroupManager::openResource at ..\..\..\..\OgreMain\src\OgreResourceGroupManager.cpp (line 756)
21:52:36: Parsing script NightVision.material
21:52:36: Parsing script Ocean.material
21:52:36: OGRE EXCEPTION(6:FileNotFoundException): Cannot locate resource oceanHLSL_Cg.vert in resource group Popular or any other group. in ResourceGroupManager::openResource at ..\..\..\..\OgreMain\src\OgreResourceGroupManager.cpp (line 756)
21:52:36: High-level program HLSL/OceanVS encountered an error during loading and is thus not supported.
OGRE EXCEPTION(6:FileNotFoundException): Cannot locate resource oceanHLSL_Cg.vert in resource group Popular or any other group. in ResourceGroupManager::openResource at ..\..\..\..\OgreMain\src\OgreResourceGroupManager.cpp (line 756)
21:52:36: OGRE EXCEPTION(2:InvalidParametersException): Named constants have not been initialised, perhaps a compile error. in GpuProgramParameters::_findNamedConstantDefinition at ..\..\..\..\OgreMain\src\OgreGpuProgramParams.cpp (line 1709)
21:52:36: Compiler error: invalid parameters in Ocean.material(10): setting of constant failed
21:52:36: OGRE EXCEPTION(2:InvalidParametersException): Named constants have not been initialised, perhaps a compile error. in GpuProgramParameters::_findNamedConstantDefinition at ..\..\..\..\OgreMain\src\OgreGpuProgramParams.cpp (line 1709)
21:52:36: Compiler error: invalid parameters in Ocean.material(11): setting of constant failed
21:52:36: OGRE EXCEPTION(2:InvalidParametersException): Named constants have not been initialised, perhaps a compile error. in GpuProgramParameters::_findNamedConstantDefinition at ..\..\..\..\OgreMain\src\OgreGpuProgramParams.cpp (line 1709)
21:52:36: Compiler error: invalid parameters in Ocean.material(12): setting of constant failed
21:52:36: OGRE EXCEPTION(2:InvalidParametersException): Named constants have not been initialised, perhaps a compile error. in GpuProgramParameters::_findNamedConstantDefinition at ..\..\..\..\OgreMain\src\OgreGpuProgramParams.cpp (line 1709)
21:52:36: Compiler error: invalid parameters in Ocean.material(13): setting of constant failed
21:52:36: OGRE EXCEPTION(6:FileNotFoundException): Cannot locate resource oceanHLSL_Cg.frag in resource group Popular or any other group. in ResourceGroupManager::openResource at ..\..\..\..\OgreMain\src\OgreResourceGroupManager.cpp (line 756)
21:52:36: High-level program HLSL/OceanFS encountered an error during loading and is thus not supported.
OGRE EXCEPTION(6:FileNotFoundException): Cannot locate resource oceanHLSL_Cg.frag in resource group Popular or any other group. in ResourceGroupManager::openResource at ..\..\..\..\OgreMain\src\OgreResourceGroupManager.cpp (line 756)
21:52:36: OGRE EXCEPTION(6:FileNotFoundException): Cannot locate resource Ocean2HLSL_Cg.vert in resource group Popular or any other group. in ResourceGroupManager::openResource at ..\..\..\..\OgreMain\src\OgreResourceGroupManager.cpp (line 756)
21:52:36: High-level program HLSL/Ocean2VS encountered an error during loading and is thus not supported.
OGRE EXCEPTION(6:FileNotFoundException): Cannot locate resource Ocean2HLSL_Cg.vert in resource group Popular or any other group. in ResourceGroupManager::openResource at ..\..\..\..\OgreMain\src\OgreResourceGroupManager.cpp (line 756)
21:52:36: OGRE EXCEPTION(2:InvalidParametersException): Named constants have not been initialised, perhaps a compile error. in GpuProgramParameters::_findNamedConstantDefinition at ..\..\..\..\OgreMain\src\OgreGpuProgramParams.cpp (line 1709)
21:52:36: Compiler error: invalid parameters in Ocean.material(327): setting of constant failed
21:52:36: OGRE EXCEPTION(2:InvalidParametersException): Named constants have not been initialised, perhaps a compile error. in GpuProgramParameters::_findNamedConstantDefinition at ..\..\..\..\OgreMain\src\OgreGpuProgramParams.cpp (line 1709)
21:52:36: Compiler error: invalid parameters in Ocean.material(328): setting of constant failed
21:52:36: OGRE EXCEPTION(6:FileNotFoundException): Cannot locate resource Ocean2HLSL_Cg.frag in resource group Popular or any other group. in ResourceGroupManager::openResource at ..\..\..\..\OgreMain\src\OgreResourceGroupManager.cpp (line 756)
21:52:36: High-level program HLSL/Ocean2FS encountered an error during loading and is thus not supported.
OGRE EXCEPTION(6:FileNotFoundException): Cannot locate resource Ocean2HLSL_Cg.frag in resource group Popular or any other group. in ResourceGroupManager::openResource at ..\..\..\..\OgreMain\src\OgreResourceGroupManager.cpp (line 756)
21:52:36: Parsing script OffsetMapping.material
21:52:37: OGRE EXCEPTION(6:FileNotFoundException): Cannot locate resource OffsetMapping.hlsl in resource group Popular or any other group. in ResourceGroupManager::openResource at ..\..\..\..\OgreMain\src\OgreResourceGroupManager.cpp (line 756)
21:52:37: High-level program Examples/OffsetMappingIntegratedShadowsVPhlsl encountered an error during loading and is thus not supported.
OGRE EXCEPTION(6:FileNotFoundException): Cannot locate resource OffsetMapping.hlsl in resource group Popular or any other group. in ResourceGroupManager::openResource at ..\..\..\..\OgreMain\src\OgreResourceGroupManager.cpp (line 756)
21:52:37: OGRE EXCEPTION(2:InvalidParametersException): Named constants have not been initialised, perhaps a compile error. in GpuProgramParameters::_findNamedConstantDefinition at ..\..\..\..\OgreMain\src\OgreGpuProgramParams.cpp (line 1709)
21:52:37: Compiler error: invalid parameters in OffsetMapping.material(437): setting of constant failed
21:52:37: OGRE EXCEPTION(2:InvalidParametersException): Named constants have not been initialised, perhaps a compile error. in GpuProgramParameters::_findNamedConstantDefinition at ..\..\..\..\OgreMain\src\OgreGpuProgramParams.cpp (line 1709)
21:52:37: Compiler error: invalid parameters in OffsetMapping.material(438): setting of constant failed
21:52:37: OGRE EXCEPTION(2:InvalidParametersException): Named constants have not been initialised, perhaps a compile error. in GpuProgramParameters::_findNamedConstantDefinition at ..\..\..\..\OgreMain\src\OgreGpuProgramParams.cpp (line 1709)
21:52:37: Compiler error: invalid parameters in OffsetMapping.material(439): setting of constant failed
21:52:37: OGRE EXCEPTION(2:InvalidParametersException): Named constants have not been initialised, perhaps a compile error. in GpuProgramParameters::_findNamedConstantDefinition at ..\..\..\..\OgreMain\src\OgreGpuProgramParams.cpp (line 1709)
21:52:37: Compiler error: invalid parameters in OffsetMapping.material(440): setting of constant failed
21:52:37: OGRE EXCEPTION(2:InvalidParametersException): Named constants have not been initialised, perhaps a compile error. in GpuProgramParameters::_findNamedConstantDefinition at ..\..\..\..\OgreMain\src\OgreGpuProgramParams.cpp (line 1709)
21:52:37: Compiler error: invalid parameters in OffsetMapping.material(442): setting of constant failed
21:52:37: OGRE EXCEPTION(2:InvalidParametersException): Named constants have not been initialised, perhaps a compile error. in GpuProgramParameters::_findNamedConstantDefinition at ..\..\..\..\OgreMain\src\OgreGpuProgramParams.cpp (line 1709)
21:52:37: Compiler error: invalid parameters in OffsetMapping.material(443): setting of constant failed
21:52:37: OGRE EXCEPTION(2:InvalidParametersException): Named constants have not been initialised, perhaps a compile error. in GpuProgramParameters::_findNamedConstantDefinition at ..\..\..\..\OgreMain\src\OgreGpuProgramParams.cpp (line 1709)
21:52:37: Compiler error: invalid parameters in OffsetMapping.material(445): setting of constant failed
21:52:37: OGRE EXCEPTION(2:InvalidParametersException): Named constants have not been initialised, perhaps a compile error. in GpuProgramParameters::_findNamedConstantDefinition at ..\..\..\..\OgreMain\src\OgreGpuProgramParams.cpp (line 1709)
21:52:37: Compiler error: invalid parameters in OffsetMapping.material(446): setting of constant failed
21:52:37: OGRE EXCEPTION(2:InvalidParametersException): Named constants have not been initialised, perhaps a compile error. in GpuProgramParameters::_findNamedConstantDefinition at ..\..\..\..\OgreMain\src\OgreGpuProgramParams.cpp (line 1709)
21:52:37: Compiler error: invalid parameters in OffsetMapping.material(447): setting of constant failed
21:52:37: OGRE EXCEPTION(6:FileNotFoundException): Cannot locate resource OffsetMapping.hlsl in resource group Popular or any other group. in ResourceGroupManager::openResource at ..\..\..\..\OgreMain\src\OgreResourceGroupManager.cpp (line 756)
21:52:37: High-level program Examples/OffsetMappingIntegratedShadowsFPhlsl encountered an error during loading and is thus not supported.
OGRE EXCEPTION(6:FileNotFoundException): Cannot locate resource OffsetMapping.hlsl in resource group Popular or any other group. in ResourceGroupManager::openResource at ..\..\..\..\OgreMain\src\OgreResourceGroupManager.cpp (line 756)
21:52:37: OGRE EXCEPTION(2:InvalidParametersException): Named constants have not been initialised, perhaps a compile error. in GpuProgramParameters::_findNamedConstantDefinition at ..\..\..\..\OgreMain\src\OgreGpuProgramParams.cpp (line 1709)
21:52:37: Compiler error: invalid parameters in OffsetMapping.material(453): setting of constant failed
21:52:37: OGRE EXCEPTION(2:InvalidParametersException): Named constants have not been initialised, perhaps a compile error. in GpuProgramParameters::_findNamedConstantDefinition at ..\..\..\..\OgreMain\src\OgreGpuProgramParams.cpp (line 1709)
21:52:37: Compiler error: invalid parameters in OffsetMapping.material(454): setting of constant failed
21:52:37: OGRE EXCEPTION(2:InvalidParametersException): Named constants have not been initialised, perhaps a compile error. in GpuProgramParameters::_findNamedConstantDefinition at ..\..\..\..\OgreMain\src\OgreGpuProgramParams.cpp (line 1709)
21:52:37: Compiler error: invalid parameters in OffsetMapping.material(456): setting of constant failed
21:52:37: OGRE EXCEPTION(2:InvalidParametersException): Named constants have not been initialised, perhaps a compile error. in GpuProgramParameters::_findNamedConstantDefinition at ..\..\..\..\OgreMain\src\OgreGpuProgramParams.cpp (line 1709)
21:52:37: Compiler error: invalid parameters in OffsetMapping.material(457): setting of constant failed
21:52:37: OGRE EXCEPTION(2:InvalidParametersException): Named constants have not been initialised, perhaps a compile error. in GpuProgramParameters::_findNamedConstantDefinition at ..\..\..\..\OgreMain\src\OgreGpuProgramParams.cpp (line 1709)
21:52:37: Compiler error: invalid parameters in OffsetMapping.material(459): setting of constant failed
21:52:37: Parsing script Ogre.material
21:52:37: Parsing script OldMovie.material
21:52:37: Parsing script OldTV.material
21:52:37: Parsing script ParticleGS.material
21:52:37: Parsing script Penguin.material
21:52:37: Parsing script Posterize.material
21:52:37: Parsing script pssm.material
21:52:37: Parsing script RadialBlur.material
21:52:37: Parsing script RasterizationOrder.material
21:52:37: Parsing script RZR-002.material
21:52:37: Parsing script ShaderInstancing.material
21:52:37: Parsing script ShaderSystem.material
21:52:37: Parsing script shadows.material
21:52:37: Parsing script SharpenEdges.material
21:52:37: OGRE EXCEPTION(6:FileNotFoundException): Cannot locate resource SharpenEdgesFP.cg in resource group Popular or any other group. in ResourceGroupManager::openResource at ..\..\..\..\OgreMain\src\OgreResourceGroupManager.cpp (line 756)
21:52:37: High-level program Ogre/Compositor/SharpenEdgesFP_ps_2_a encountered an error during loading and is thus not supported.
OGRE EXCEPTION(6:FileNotFoundException): Cannot locate resource SharpenEdgesFP.cg in resource group Popular or any other group. in ResourceGroupManager::openResource at ..\..\..\..\OgreMain\src\OgreResourceGroupManager.cpp (line 756)
21:52:37: OGRE EXCEPTION(2:InvalidParametersException): Named constants have not been initialised, perhaps a compile error. in GpuProgramParameters::_findNamedConstantDefinition at ..\..\..\..\OgreMain\src\OgreGpuProgramParams.cpp (line 1709)
21:52:37: Compiler error: invalid parameters in SharpenEdges.material(35): setting of constant failed
21:52:37: Parsing script sibenik.material
21:52:38: Parsing script smoke.material
21:52:38: Parsing script Tesselation.material
21:52:38: Parsing script Tiling.material
21:52:38: Parsing script VarianceShadowmap.material
21:52:38: Parsing script VTFInstancing.material
21:52:38: Parsing script Examples.compositor
21:52:38: Finished parsing scripts for resource group Popular
21:52:38: Creating resources for group Popular
21:52:38: All done
21:52:38: Parsing scripts for resource group Tests
21:52:38: Finished parsing scripts for resource group Tests
21:52:38: Creating resources for group Tests
21:52:38: All done
21:52:38: Terrain created; size=513 minBatch=33 maxBatch=65 treeDepth=4 lodLevels=5 leafLods=2
21:52:39: D3D9 : Loading 2D Texture, image name : 'dirt_grayrocky_diffusespecular.dds' with 5 mip map levels
21:52:39: D3D9 : Loading 2D Texture, image name : 'dirt_grayrocky_normalheight.dds' with 5 mip map levels
21:52:40: D3D9 : Loading 2D Texture, image name : 'grass_green-01_diffusespecular.dds' with 5 mip map levels
21:52:40: D3D9 : Loading 2D Texture, image name : 'grass_green-01_normalheight.dds' with 5 mip map levels
21:52:40: D3D9 : Loading 2D Texture, image name : 'growth_weirdfungus-03_diffusespecular.dds' with 5 mip map levels
21:52:40: D3D9 : Loading 2D Texture, image name : 'growth_weirdfungus-03_normalheight.dds' with 5 mip map levels
21:52:42: Texture: clouds.jpg: Loading 1 faces(PF_R8G8B8,256x256x1) Internal format is PF_X8R8G8B8,256x256x1.
21:52:42: *** Initializing OIS ***
